TN:
SF:/home/marcuswentz/github/contracts/test/unit/contracts/MockFaucet.sol
FN:15,constructor
FN:23,cooldown
FN:28,faucetFunded
FN:33,isRelay
FN:38,withdrawDirect
FN:44,withdrawRelay
FNF:6
FNH:1
FNDA:3,constructor
FNDA:0,cooldown
FNDA:0,faucetFunded
FNDA:0,isRelay
FNDA:0,withdrawDirect
FNDA:0,withdrawRelay
DA:16,3
DA:24,0
DA:25,0
DA:29,0
DA:30,0
DA:34,0
DA:35,0
DA:39,0
DA:40,0
DA:41,0
DA:45,0
DA:46,0
DA:47,0
LF:13
LH:1
BRDA:24,1,0,0
BRDA:24,1,1,0
BRDA:29,2,0,0
BRDA:29,2,1,0
BRDA:34,3,0,0
BRDA:34,3,1,0
BRF:6
BRH:0
end_of_record
TN:
SF:/home/marcuswentz/github/contracts/test/unit/contracts/MockTwitter.sol
FN:16,twitterMatchesAccount
FN:21,requestTweetAddressCompare
FN:28,mockRequestAnswer
FN:32,mockFulfillLogic
FN:46,resolveToTwitterID
FNF:5
FNH:5
FNDA:2,twitterMatchesAccount
FNDA:9,requestTweetAddressCompare
FNDA:5,mockRequestAnswer
FNDA:6,mockFulfillLogic
FNDA:1,resolveToTwitterID
DA:17,2
DA:18,1
DA:22,9
DA:24,8
DA:25,8
DA:29,5
DA:33,6
DA:34,5
DA:35,1
DA:36,1
DA:38,5
DA:39,5
DA:41,6
DA:42,6
DA:43,6
DA:47,1
LF:16
LH:16
BRDA:17,1,0,1
BRDA:17,1,1,1
BRDA:22,2,0,8
BRDA:22,2,1,1
BRDA:33,3,0,5
BRDA:33,3,1,1
BRDA:34,4,0,1
BRDA:34,4,1,4
BRF:8
BRH:8
end_of_record
