TN:
SF:/home/marcuswentz/github/contracts/test/unit/contracts/MockFaucet.sol
FN:10,constructor
FN:25,constructor
FN:34,cooldown
FN:39,faucetFunded
FN:44,isRelay
FN:49,withdrawDirect
FN:55,withdrawRelay
FNF:7
FNH:7
FNDA:24,constructor
FNDA:24,constructor
FNDA:4,cooldown
FNDA:6,faucetFunded
FNDA:4,isRelay
FNDA:1,withdrawDirect
FNDA:1,withdrawRelay
DA:11,24
DA:12,24
DA:26,24
DA:27,24
DA:35,4
DA:36,2
DA:40,6
DA:41,4
DA:45,4
DA:46,3
DA:50,1
DA:51,1
DA:52,1
DA:56,1
DA:57,1
DA:58,1
LF:16
LH:16
BRDA:35,1,0,2
BRDA:35,1,1,2
BRDA:40,2,0,4
BRDA:40,2,1,2
BRDA:45,3,0,3
BRDA:45,3,1,1
BRF:6
BRH:6
end_of_record
TN:
SF:/home/marcuswentz/github/contracts/test/unit/contracts/MockTwitter.sol
FN:13,twitterMatchesAccount
FN:18,requestTweetAddressCompare
FN:45,mockRequestAnswer
FN:49,resolveToTwitterID
FNF:4
FNH:4
FNDA:2,twitterMatchesAccount
FNDA:6,requestTweetAddressCompare
FNDA:5,mockRequestAnswer
FNDA:1,resolveToTwitterID
DA:14,2
DA:15,1
DA:20,6
DA:21,6
DA:22,6
DA:23,6
DA:24,6
DA:26,5
DA:27,5
DA:28,5
DA:29,5
DA:33,6
DA:34,5
DA:35,5
DA:36,5
DA:37,1
DA:39,5
DA:40,5
DA:42,6
DA:46,5
DA:50,1
LF:21
LH:21
BRDA:14,1,0,1
BRDA:14,1,1,1
BRDA:24,2,0,5
BRDA:24,2,1,1
BRDA:33,3,0,5
BRDA:33,3,1,1
BRDA:36,4,0,1
BRDA:36,4,1,4
BRF:8
BRH:8
end_of_record
