{"contracts/MockFaucet.sol":{"l":{"11":24,"12":24,"26":24,"27":24,"35":4,"36":2,"40":6,"41":4,"45":4,"46":3,"50":1,"51":1,"52":1,"56":1,"57":1,"58":1},"path":"/home/marcuswentz/github/contracts/test/unit/contracts/MockFaucet.sol","s":{"1":24,"2":24,"3":24,"4":24,"5":4,"6":6,"7":4,"8":1,"9":1,"10":1,"11":1,"12":1,"13":1},"b":{"1":[2,2],"2":[4,2],"3":[3,1]},"f":{"1":24,"2":24,"3":4,"4":6,"5":4,"6":1,"7":1},"fnMap":{"1":{"name":"constructor","line":10,"loc":{"start":{"line":10,"column":4},"end":{"line":13,"column":4}}},"2":{"name":"constructor","line":25,"loc":{"start":{"line":25,"column":4},"end":{"line":28,"column":4}}},"3":{"name":"cooldown","line":34,"loc":{"start":{"line":34,"column":4},"end":{"line":37,"column":4}}},"4":{"name":"faucetFunded","line":39,"loc":{"start":{"line":39,"column":4},"end":{"line":42,"column":4}}},"5":{"name":"isRelay","line":44,"loc":{"start":{"line":44,"column":4},"end":{"line":47,"column":4}}},"6":{"name":"withdrawDirect","line":49,"loc":{"start":{"line":49,"column":4},"end":{"line":53,"column":4}}},"7":{"name":"withdrawRelay","line":55,"loc":{"start":{"line":55,"column":4},"end":{"line":59,"column":4}}}},"statementMap":{"1":{"start":{"line":11,"column":8},"end":{"line":11,"column":25}},"2":{"start":{"line":12,"column":8},"end":{"line":12,"column":34}},"3":{"start":{"line":26,"column":8},"end":{"line":26,"column":32}},"4":{"start":{"line":27,"column":8},"end":{"line":27,"column":47}},"5":{"start":{"line":35,"column":8},"end":{"line":35,"column":138}},"6":{"start":{"line":40,"column":8},"end":{"line":40,"column":136}},"7":{"start":{"line":45,"column":8},"end":{"line":45,"column":94}},"8":{"start":{"line":50,"column":8},"end":{"line":50,"column":61}},"9":{"start":{"line":51,"column":8},"end":{"line":51,"column":49}},"10":{"start":{"line":52,"column":8},"end":{"line":52,"column":29}},"11":{"start":{"line":56,"column":8},"end":{"line":56,"column":62}},"12":{"start":{"line":57,"column":8},"end":{"line":57,"column":50}},"13":{"start":{"line":58,"column":8},"end":{"line":58,"column":29}}},"branchMap":{"1":{"line":35,"type":"if","locations":[{"start":{"line":35,"column":8},"end":{"line":35,"column":8}},{"start":{"line":35,"column":8},"end":{"line":35,"column":8}}]},"2":{"line":40,"type":"if","locations":[{"start":{"line":40,"column":8},"end":{"line":40,"column":8}},{"start":{"line":40,"column":8},"end":{"line":40,"column":8}}]},"3":{"line":45,"type":"if","locations":[{"start":{"line":45,"column":8},"end":{"line":45,"column":8}},{"start":{"line":45,"column":8},"end":{"line":45,"column":8}}]}}},"contracts/MockTwitter.sol":{"l":{"17":2,"18":1,"22":9,"24":8,"25":8,"29":5,"33":6,"34":5,"35":1,"36":1,"38":5,"39":5,"41":6,"42":6,"43":6,"47":1},"path":"/home/marcuswentz/github/contracts/test/unit/contracts/MockTwitter.sol","s":{"1":2,"2":9,"3":8,"4":8,"5":5,"6":6,"7":5,"8":1,"9":1,"10":5,"11":5,"12":6,"13":6,"14":6,"15":1},"b":{"1":[1,1],"2":[8,1],"3":[5,1],"4":[1,4]},"f":{"1":2,"2":9,"3":5,"4":6,"5":1},"fnMap":{"1":{"name":"twitterMatchesAccount","line":16,"loc":{"start":{"line":16,"column":4},"end":{"line":19,"column":4}}},"2":{"name":"requestTweetAddressCompare","line":21,"loc":{"start":{"line":21,"column":4},"end":{"line":26,"column":4}}},"3":{"name":"mockRequestAnswer","line":28,"loc":{"start":{"line":28,"column":4},"end":{"line":30,"column":4}}},"4":{"name":"mockFulfillLogic","line":32,"loc":{"start":{"line":32,"column":4},"end":{"line":44,"column":4}}},"5":{"name":"resolveToTwitterID","line":46,"loc":{"start":{"line":46,"column":4},"end":{"line":48,"column":4}}}},"statementMap":{"1":{"start":{"line":17,"column":8},"end":{"line":17,"column":124}},"2":{"start":{"line":22,"column":8},"end":{"line":22,"column":99}},"3":{"start":{"line":24,"column":8},"end":{"line":24,"column":42}},"4":{"start":{"line":25,"column":8},"end":{"line":25,"column":38}},"5":{"start":{"line":29,"column":7},"end":{"line":29,"column":55}},"6":{"start":{"line":33,"column":8},"end":{"line":33,"column":1143}},"7":{"start":{"line":34,"column":12},"end":{"line":34,"column":1194}},"8":{"start":{"line":35,"column":16},"end":{"line":35,"column":69}},"9":{"start":{"line":36,"column":16},"end":{"line":36,"column":69}},"10":{"start":{"line":38,"column":16},"end":{"line":38,"column":68}},"11":{"start":{"line":39,"column":16},"end":{"line":39,"column":68}},"12":{"start":{"line":41,"column":8},"end":{"line":41,"column":38}},"13":{"start":{"line":42,"column":8},"end":{"line":42,"column":25}},"14":{"start":{"line":43,"column":8},"end":{"line":43,"column":32}},"15":{"start":{"line":47,"column":8},"end":{"line":47,"column":49}}},"branchMap":{"1":{"line":17,"type":"if","locations":[{"start":{"line":17,"column":8},"end":{"line":17,"column":8}},{"start":{"line":17,"column":8},"end":{"line":17,"column":8}}]},"2":{"line":22,"type":"if","locations":[{"start":{"line":22,"column":8},"end":{"line":22,"column":8}},{"start":{"line":22,"column":8},"end":{"line":22,"column":8}}]},"3":{"line":33,"type":"if","locations":[{"start":{"line":33,"column":8},"end":{"line":33,"column":8}},{"start":{"line":33,"column":8},"end":{"line":33,"column":8}}]},"4":{"line":34,"type":"if","locations":[{"start":{"line":34,"column":12},"end":{"line":34,"column":12}},{"start":{"line":34,"column":12},"end":{"line":34,"column":12}}]}}},"contracts/MockTwitterCompressed.sol":{"l":{"14":2,"15":1,"20":7,"21":7,"22":7,"23":7,"25":7,"26":7,"27":7,"28":6,"29":1,"31":6,"32":6,"34":7,"38":5,"42":1},"path":"/home/marcuswentz/github/contracts/test/unit/contracts/MockTwitterCompressed.sol","s":{"1":2,"2":7,"3":7,"4":7,"5":7,"6":7,"7":7,"8":7,"9":6,"10":1,"11":6,"12":6,"13":7,"14":5,"15":1},"b":{"1":[1,1],"2":[6,1],"3":[1,5]},"f":{"1":2,"2":7,"3":5,"4":1},"fnMap":{"1":{"name":"twitterMatchesAccount","line":13,"loc":{"start":{"line":13,"column":4},"end":{"line":16,"column":4}}},"2":{"name":"requestTweetAddressCompare","line":18,"loc":{"start":{"line":18,"column":4},"end":{"line":35,"column":4}}},"3":{"name":"mockRequestAnswer","line":37,"loc":{"start":{"line":37,"column":4},"end":{"line":39,"column":4}}},"4":{"name":"resolveToTwitterID","line":41,"loc":{"start":{"line":41,"column":4},"end":{"line":43,"column":4}}}},"statementMap":{"1":{"start":{"line":14,"column":8},"end":{"line":14,"column":124}},"2":{"start":{"line":20,"column":8},"end":{"line":20,"column":47}},"3":{"start":{"line":21,"column":8},"end":{"line":21,"column":52}},"4":{"start":{"line":22,"column":8},"end":{"line":22,"column":54}},"5":{"start":{"line":23,"column":8},"end":{"line":23,"column":73}},"6":{"start":{"line":25,"column":8},"end":{"line":25,"column":71}},"7":{"start":{"line":26,"column":8},"end":{"line":26,"column":144}},"8":{"start":{"line":27,"column":8},"end":{"line":27,"column":1166}},"9":{"start":{"line":28,"column":12},"end":{"line":28,"column":1217}},"10":{"start":{"line":29,"column":16},"end":{"line":29,"column":70}},"11":{"start":{"line":31,"column":16},"end":{"line":31,"column":66}},"12":{"start":{"line":32,"column":16},"end":{"line":32,"column":66}},"13":{"start":{"line":34,"column":8},"end":{"line":34,"column":32}},"14":{"start":{"line":38,"column":7},"end":{"line":38,"column":55}},"15":{"start":{"line":42,"column":8},"end":{"line":42,"column":49}}},"branchMap":{"1":{"line":14,"type":"if","locations":[{"start":{"line":14,"column":8},"end":{"line":14,"column":8}},{"start":{"line":14,"column":8},"end":{"line":14,"column":8}}]},"2":{"line":27,"type":"if","locations":[{"start":{"line":27,"column":8},"end":{"line":27,"column":8}},{"start":{"line":27,"column":8},"end":{"line":27,"column":8}}]},"3":{"line":28,"type":"if","locations":[{"start":{"line":28,"column":12},"end":{"line":28,"column":12}},{"start":{"line":28,"column":12},"end":{"line":28,"column":12}}]}}}}