{"contracts/MockFaucet.sol":{"l":{"11":24,"12":24,"26":24,"27":24,"35":4,"36":2,"40":6,"41":4,"45":4,"46":3,"50":1,"51":1,"52":1,"56":1,"57":1,"58":1},"path":"/home/marcuswentz/github/contracts/test/unit/contracts/MockFaucet.sol","s":{"1":24,"2":24,"3":24,"4":24,"5":4,"6":6,"7":4,"8":1,"9":1,"10":1,"11":1,"12":1,"13":1},"b":{"1":[2,2],"2":[4,2],"3":[3,1]},"f":{"1":24,"2":24,"3":4,"4":6,"5":4,"6":1,"7":1},"fnMap":{"1":{"name":"constructor","line":10,"loc":{"start":{"line":10,"column":4},"end":{"line":13,"column":4}}},"2":{"name":"constructor","line":25,"loc":{"start":{"line":25,"column":4},"end":{"line":28,"column":4}}},"3":{"name":"cooldown","line":34,"loc":{"start":{"line":34,"column":4},"end":{"line":37,"column":4}}},"4":{"name":"faucetFunded","line":39,"loc":{"start":{"line":39,"column":4},"end":{"line":42,"column":4}}},"5":{"name":"isRelay","line":44,"loc":{"start":{"line":44,"column":4},"end":{"line":47,"column":4}}},"6":{"name":"withdrawDirect","line":49,"loc":{"start":{"line":49,"column":4},"end":{"line":53,"column":4}}},"7":{"name":"withdrawRelay","line":55,"loc":{"start":{"line":55,"column":4},"end":{"line":59,"column":4}}}},"statementMap":{"1":{"start":{"line":11,"column":8},"end":{"line":11,"column":25}},"2":{"start":{"line":12,"column":8},"end":{"line":12,"column":34}},"3":{"start":{"line":26,"column":8},"end":{"line":26,"column":32}},"4":{"start":{"line":27,"column":8},"end":{"line":27,"column":47}},"5":{"start":{"line":35,"column":8},"end":{"line":35,"column":138}},"6":{"start":{"line":40,"column":8},"end":{"line":40,"column":136}},"7":{"start":{"line":45,"column":8},"end":{"line":45,"column":94}},"8":{"start":{"line":50,"column":8},"end":{"line":50,"column":61}},"9":{"start":{"line":51,"column":8},"end":{"line":51,"column":49}},"10":{"start":{"line":52,"column":8},"end":{"line":52,"column":29}},"11":{"start":{"line":56,"column":8},"end":{"line":56,"column":62}},"12":{"start":{"line":57,"column":8},"end":{"line":57,"column":50}},"13":{"start":{"line":58,"column":8},"end":{"line":58,"column":29}}},"branchMap":{"1":{"line":35,"type":"if","locations":[{"start":{"line":35,"column":8},"end":{"line":35,"column":8}},{"start":{"line":35,"column":8},"end":{"line":35,"column":8}}]},"2":{"line":40,"type":"if","locations":[{"start":{"line":40,"column":8},"end":{"line":40,"column":8}},{"start":{"line":40,"column":8},"end":{"line":40,"column":8}}]},"3":{"line":45,"type":"if","locations":[{"start":{"line":45,"column":8},"end":{"line":45,"column":8}},{"start":{"line":45,"column":8},"end":{"line":45,"column":8}}]}}},"contracts/MockTwitter.sol":{"l":{"14":2,"15":1,"20":6,"21":6,"22":6,"23":6,"24":6,"26":5,"27":5,"28":5,"29":5,"33":6,"34":5,"35":5,"36":5,"37":1,"39":5,"40":5,"42":6,"46":5,"50":1},"path":"/home/marcuswentz/github/contracts/test/unit/contracts/MockTwitter.sol","s":{"1":2,"2":6,"3":6,"4":6,"5":6,"6":6,"7":5,"8":5,"9":5,"10":5,"11":6,"12":5,"13":5,"14":5,"15":1,"16":5,"17":5,"18":6,"19":5,"20":1},"b":{"1":[1,1],"2":[5,1],"3":[5,1],"4":[1,4]},"f":{"1":2,"2":6,"3":5,"4":1},"fnMap":{"1":{"name":"twitterMatchesAccount","line":13,"loc":{"start":{"line":13,"column":4},"end":{"line":16,"column":4}}},"2":{"name":"requestTweetAddressCompare","line":18,"loc":{"start":{"line":18,"column":4},"end":{"line":43,"column":4}}},"3":{"name":"mockRequestAnswer","line":45,"loc":{"start":{"line":45,"column":4},"end":{"line":47,"column":4}}},"4":{"name":"resolveToTwitterID","line":49,"loc":{"start":{"line":49,"column":4},"end":{"line":51,"column":4}}}},"statementMap":{"1":{"start":{"line":14,"column":8},"end":{"line":14,"column":124}},"2":{"start":{"line":20,"column":8},"end":{"line":20,"column":39}},"3":{"start":{"line":21,"column":8},"end":{"line":21,"column":31}},"4":{"start":{"line":22,"column":8},"end":{"line":22,"column":27}},"5":{"start":{"line":23,"column":8},"end":{"line":23,"column":34}},"6":{"start":{"line":24,"column":8},"end":{"line":24,"column":763}},"7":{"start":{"line":26,"column":12},"end":{"line":26,"column":57}},"8":{"start":{"line":27,"column":12},"end":{"line":27,"column":46}},"9":{"start":{"line":28,"column":12},"end":{"line":28,"column":54}},"10":{"start":{"line":29,"column":12},"end":{"line":29,"column":88}},"11":{"start":{"line":33,"column":8},"end":{"line":33,"column":1135}},"12":{"start":{"line":34,"column":8},"end":{"line":34,"column":78}},"13":{"start":{"line":35,"column":8},"end":{"line":35,"column":150}},"14":{"start":{"line":36,"column":12},"end":{"line":36,"column":1482}},"15":{"start":{"line":37,"column":16},"end":{"line":37,"column":70}},"16":{"start":{"line":39,"column":16},"end":{"line":39,"column":66}},"17":{"start":{"line":40,"column":16},"end":{"line":40,"column":66}},"18":{"start":{"line":42,"column":8},"end":{"line":42,"column":32}},"19":{"start":{"line":46,"column":8},"end":{"line":46,"column":59}},"20":{"start":{"line":50,"column":8},"end":{"line":50,"column":49}}},"branchMap":{"1":{"line":14,"type":"if","locations":[{"start":{"line":14,"column":8},"end":{"line":14,"column":8}},{"start":{"line":14,"column":8},"end":{"line":14,"column":8}}]},"2":{"line":24,"type":"if","locations":[{"start":{"line":24,"column":8},"end":{"line":24,"column":8}},{"start":{"line":24,"column":8},"end":{"line":24,"column":8}}]},"3":{"line":33,"type":"if","locations":[{"start":{"line":33,"column":8},"end":{"line":33,"column":8}},{"start":{"line":33,"column":8},"end":{"line":33,"column":8}}]},"4":{"line":36,"type":"if","locations":[{"start":{"line":36,"column":12},"end":{"line":36,"column":12}},{"start":{"line":36,"column":12},"end":{"line":36,"column":12}}]}}}}